<?xml version="1.0" encoding="UTF-8"?>
<!-- Generated by org.testng.reporters.JUnitReportReporter -->
<testsuite hostname="MacBook-Pro.local" failures="0" tests="1" name="testClasses.SignOutTest" time="17.629" errors="0" timestamp="2025-04-09T23:28:22 IST" skipped="0">
  <testcase classname="testClasses.SignOutTest" name="verifyTheUserHasSignOut" time="17.629"/>
</testsuite> <!-- testClasses.SignOutTest -->
