<?xml version="1.0" encoding="UTF-8"?>
<!-- Generated by org.testng.reporters.JUnitReportReporter -->
<testsuite hostname="MacBook-Pro.local" failures="0" tests="1" name="testClasses.EditAccountPageTest" time="21.714" errors="0" timestamp="2025-04-23T16:34:37 IST" skipped="0">
  <testcase classname="testClasses.EditAccountPageTest" name="verifyTheEditDetailsAreUpdatedSuccessfully" time="21.714"/>
</testsuite> <!-- testClasses.EditAccountPageTest -->
