<?xml version="1.0" encoding="UTF-8"?>
<!-- Generated by org.testng.reporters.JUnitReportReporter -->
<testsuite hostname="MacBook-Pro.local" failures="0" tests="2" name="testClasses.CheckoutPageTest" time="25.623" errors="0" timestamp="2025-04-26T16:09:18 IST" skipped="0">
  <testcase classname="testClasses.CheckoutPageTest" name="verifyTheOrderIsPlacedSuccessfully" time="23.042"/>
  <testcase classname="testClasses.CheckoutPageTest" name="verifyTheUserHasSignOut" time="2.581"/>
</testsuite> <!-- testClasses.CheckoutPageTest -->
