<?xml version="1.0" encoding="UTF-8"?>
<!-- Generated by org.testng.reporters.JUnitReportReporter -->
<testsuite hostname="MacBook-Pro.local" failures="0" tests="1" name="testClasses.CreateAccountPageTest" time="100.139" errors="0" timestamp="2025-04-26T13:28:15 IST" skipped="0">
  <testcase classname="testClasses.CreateAccountPageTest" name="verifyTheCustomerAccountIsCreated" time="100.139"/>
</testsuite> <!-- testClasses.CreateAccountPageTest -->
