<?xml version="1.0" encoding="UTF-8"?>
<!-- Generated by org.testng.reporters.JUnitReportReporter -->
<testsuite hostname="MacBook-Pro.local" failures="0" tests="2" name="testClasses.ShoppingCartPageTest" time="128.150" errors="0" timestamp="2025-04-26T14:30:59 IST" skipped="0">
  <testcase classname="testClasses.ShoppingCartPageTest" name="verifyTheItemIsRemovedFromTheCart" time="105.444"/>
  <testcase classname="testClasses.ShoppingCartPageTest" name="verifyTheDetailsInTheCartAreUpdated" time="22.706"/>
</testsuite> <!-- testClasses.ShoppingCartPageTest -->
