<?xml version="1.0" encoding="UTF-8"?>
<!-- Generated by org.testng.reporters.JUnitReportReporter -->
<testsuite hostname="MacBook-Pro.local" failures="0" tests="4" name="testClasses.LoginPageTest" time="134.677" errors="0" timestamp="2025-04-26T14:30:59 IST" skipped="0">
  <testcase classname="testClasses.LoginPageTest" name="verifySuccessfulLogin" time="108.797"/>
  <testcase classname="testClasses.LoginPageTest" name="verifyUnsuccessfulLoginWithCorrectEmail" time="10.805"/>
  <testcase classname="testClasses.LoginPageTest" name="verifyUnsuccessfulLoginWithInCorrectEmail" time="7.837"/>
  <testcase classname="testClasses.LoginPageTest" name="verifyUnsuccessfulLoginWithInCorrectEmail" time="7.238"/>
</testsuite> <!-- testClasses.LoginPageTest -->
