<?xml version="1.0" encoding="UTF-8"?>
<!-- Generated by org.testng.reporters.JUnitReportReporter -->
<testsuite hostname="MacBook-Pro.local" failures="0" tests="2" name="testClasses.CheckoutPageTest" time="22.595" errors="0" timestamp="2025-04-26T16:14:05 IST" skipped="0">
  <testcase classname="testClasses.CheckoutPageTest" name="verifyTheOrderIsPlacedSuccessfully" time="20.109"/>
  <testcase classname="testClasses.CheckoutPageTest" name="verifyTheUserHasSignOut" time="2.486"/>
</testsuite> <!-- testClasses.CheckoutPageTest -->
