<?xml version="1.0" encoding="UTF-8"?>
<!-- Generated by org.testng.reporters.JUnitReportReporter -->
<testsuite hostname="MacBook-Pro.local" failures="0" tests="12" name="testClasses.ProductPageTest" time="958.734" errors="0" timestamp="2025-04-26T14:30:59 IST" skipped="4">
  <testcase classname="testClasses.ProductPageTest" name="verifyTheSearchedProductName" time="105.241"/>
  <testcase classname="testClasses.ProductPageTest" name="verifyTheSearchedProductName" time="128.861"/>
  <testcase classname="testClasses.ProductPageTest" name="verifyTheSearchedProductName" time="13.695"/>
  <testcase classname="testClasses.ProductPageTest" name="verifyTheDressProductIsAddedToCartFromDirectSearch" time="23.577"/>
  <testcase classname="testClasses.ProductPageTest" name="verifyTheDressProductIsAddedToCartFromDirectSearch" time="121.551"/>
  <testcase classname="testClasses.ProductPageTest" name="verifyTheDressProductIsAddedToCartFromDirectSearch" time="13.459">
    <skipped/>
  </testcase> <!-- verifyTheDressProductIsAddedToCartFromDirectSearch -->
  <testcase classname="testClasses.ProductPageTest" name="verifyTheDressProductIsAddedToCartFromDirectSearch" time="23.475"/>
  <testcase classname="testClasses.ProductPageTest" name="verifyTheDressProductIsAddedToCartFromDirectSearch" time="210.313">
    <skipped/>
  </testcase> <!-- verifyTheDressProductIsAddedToCartFromDirectSearch -->
  <testcase classname="testClasses.ProductPageTest" name="verifyTheBagProductIsAddedToCartFromNavBar" time="104.541">
    <skipped/>
  </testcase> <!-- verifyTheBagProductIsAddedToCartFromNavBar -->
  <testcase classname="testClasses.ProductPageTest" name="verifyTheBagProductIsAddedToCartFromNavBar" time="166.007"/>
  <testcase classname="testClasses.ProductPageTest" name="verifyTheBagProductIsAddedToCartFromNavBar" time="29.454">
    <skipped/>
  </testcase> <!-- verifyTheBagProductIsAddedToCartFromNavBar -->
  <testcase classname="testClasses.ProductPageTest" name="verifytheReviewOfproductIsAddedSuccessfully" time="18.560"/>
</testsuite> <!-- testClasses.ProductPageTest -->
