<?xml version="1.0" encoding="UTF-8"?>
<!-- Generated by org.testng.reporters.JUnitReportReporter -->
<testsuite hostname="MacBook-Pro.local" failures="0" tests="1" name="testClasses.EditAccountPageTest" time="115.041" errors="0" timestamp="2025-04-26T14:30:59 IST" skipped="0">
  <testcase classname="testClasses.EditAccountPageTest" name="verifyTheEditDetailsAreUpdatedSuccessfully" time="115.041"/>
</testsuite> <!-- testClasses.EditAccountPageTest -->
