<?xml version="1.0" encoding="UTF-8"?>
<!-- Generated by org.testng.reporters.JUnitReportReporter -->
<testsuite hostname="MacBook-Pro.local" failures="0" tests="4" name="testClasses.CreateAccountPageTest" time="241.356" errors="0" timestamp="2025-04-26T14:30:59 IST" skipped="2">
  <testcase classname="testClasses.CreateAccountPageTest" name="verifyIfUserHitsTheCorrectURL" time="105.923"/>
  <testcase classname="testClasses.CreateAccountPageTest" name="verifyTheCustomerAccountIsCreated" time="11.101">
    <skipped/>
  </testcase> <!-- verifyTheCustomerAccountIsCreated -->
  <testcase classname="testClasses.CreateAccountPageTest" name="verifyTheCustomerAccountIsCreated" time="108.605"/>
  <testcase classname="testClasses.CreateAccountPageTest" name="verifyTheCustomerAccountIsCreated" time="15.727">
    <skipped/>
  </testcase> <!-- verifyTheCustomerAccountIsCreated -->
</testsuite> <!-- testClasses.CreateAccountPageTest -->
